TN:
SF:lib\button.tsx
FN:2,Button
FNF:1
FNH:1
FNDA:1,Button
DA:1,1
DA:3,1
DA:8,1
LF:3
LH:3
BRF:0
BRH:0
end_of_record
TN:
SF:lib\index.tsx
FN:6,(anonymous_0)
FNF:1
FNH:0
FNDA:0,(anonymous_0)
DA:1,0
DA:2,0
DA:3,0
DA:5,0
DA:6,0
DA:7,0
DA:10,0
LF:7
LH:0
BRF:0
BRH:0
end_of_record
TN:
SF:lib\helpers\classes.tsx
FN:1,classes
FNF:1
FNH:1
FNDA:6,classes
DA:1,21
DA:2,6
DA:5,2
LF:3
LH:3
BRF:0
BRH:0
end_of_record
TN:
SF:lib\icon\icon.tsx
FN:10,(anonymous_0)
FNF:1
FNH:1
FNDA:2,(anonymous_0)
DA:1,1
DA:2,1
DA:3,1
DA:4,1
DA:10,1
DA:11,2
DA:12,2
DA:21,1
LF:8
LH:8
BRF:0
BRH:0
end_of_record
TN:
SF:lib\icon\importicons.js
FN:1,(anonymous_0)
FNF:1
FNH:0
FNDA:0,(anonymous_0)
DA:1,1
DA:2,1
DA:3,1
LF:3
LH:3
BRF:0
BRH:0
end_of_record
TN:
SF:lib\types\custom.d.ts
FNF:0
FNH:0
LF:0
LH:0
BRF:0
BRH:0
end_of_record
